{"total": {"lines":{"total":5101,"covered":1132,"skipped":0,"pct":22.19},"statements":{"total":5101,"covered":1132,"skipped":0,"pct":22.19},"functions":{"total":126,"covered":75,"skipped":0,"pct":59.52},"branches":{"total":186,"covered":133,"skipped":0,"pct":71.5},"branchesTrue":{"total":0,"covered":0,"skipped":0,"pct":100}}
,"/Users/valeriiabondarchuk/WorkProjects/matrix-3/src/components/ui/alert.tsx": {"lines":{"total":23,"covered":0,"skipped":0,"pct":0},"functions":{"total":1,"covered":0,"skipped":0,"pct":0},"statements":{"total":23,"covered":0,"skipped":0,"pct":0},"branches":{"total":1,"covered":0,"skipped":0,"pct":0}}
,"/Users/valeriiabondarchuk/WorkProjects/matrix-3/src/components/ui/avatar.tsx": {"lines":{"total":24,"covered":24,"skipped":0,"pct":100},"functions":{"total":2,"covered":2,"skipped":0,"pct":100},"statements":{"total":24,"covered":24,"skipped":0,"pct":100},"branches":{"total":2,"covered":2,"skipped":0,"pct":100}}
,"/Users/valeriiabondarchuk/WorkProjects/matrix-3/src/components/ui/badge.tsx": {"lines":{"total":22,"covered":22,"skipped":0,"pct":100},"functions":{"total":1,"covered":1,"skipped":0,"pct":100},"statements":{"total":22,"covered":22,"skipped":0,"pct":100},"branches":{"total":1,"covered":1,"skipped":0,"pct":100}}
,"/Users/valeriiabondarchuk/WorkProjects/matrix-3/src/components/ui/breadcrumbs.tsx": {"lines":{"total":22,"covered":0,"skipped":0,"pct":0},"functions":{"total":1,"covered":0,"skipped":0,"pct":0},"statements":{"total":22,"covered":0,"skipped":0,"pct":0},"branches":{"total":1,"covered":0,"skipped":0,"pct":0}}
,"/Users/valeriiabondarchuk/WorkProjects/matrix-3/src/components/ui/button.tsx": {"lines":{"total":39,"covered":39,"skipped":0,"pct":100},"functions":{"total":0,"covered":0,"skipped":0,"pct":100},"statements":{"total":39,"covered":39,"skipped":0,"pct":100},"branches":{"total":3,"covered":3,"skipped":0,"pct":100}}
,"/Users/valeriiabondarchuk/WorkProjects/matrix-3/src/components/ui/card.tsx": {"lines":{"total":40,"covered":40,"skipped":0,"pct":100},"functions":{"total":5,"covered":5,"skipped":0,"pct":100},"statements":{"total":40,"covered":40,"skipped":0,"pct":100},"branches":{"total":5,"covered":5,"skipped":0,"pct":100}}
,"/Users/valeriiabondarchuk/WorkProjects/matrix-3/src/components/ui/chart-card.tsx": {"lines":{"total":19,"covered":0,"skipped":0,"pct":0},"functions":{"total":1,"covered":0,"skipped":0,"pct":0},"statements":{"total":19,"covered":0,"skipped":0,"pct":0},"branches":{"total":1,"covered":0,"skipped":0,"pct":0}}
,"/Users/valeriiabondarchuk/WorkProjects/matrix-3/src/components/ui/checkbox.tsx": {"lines":{"total":17,"covered":17,"skipped":0,"pct":100},"functions":{"total":1,"covered":1,"skipped":0,"pct":100},"statements":{"total":17,"covered":17,"skipped":0,"pct":100},"branches":{"total":1,"covered":1,"skipped":0,"pct":100}}
,"/Users/valeriiabondarchuk/WorkProjects/matrix-3/src/components/ui/confirm-dialog.tsx": {"lines":{"total":36,"covered":36,"skipped":0,"pct":100},"functions":{"total":3,"covered":2,"skipped":0,"pct":66.66},"statements":{"total":36,"covered":36,"skipped":0,"pct":100},"branches":{"total":2,"covered":2,"skipped":0,"pct":100}}
,"/Users/valeriiabondarchuk/WorkProjects/matrix-3/src/components/ui/data-table.tsx": {"lines":{"total":74,"covered":0,"skipped":0,"pct":0},"functions":{"total":1,"covered":0,"skipped":0,"pct":0},"statements":{"total":74,"covered":0,"skipped":0,"pct":0},"branches":{"total":1,"covered":0,"skipped":0,"pct":0}}
,"/Users/valeriiabondarchuk/WorkProjects/matrix-3/src/components/ui/date-picker.tsx": {"lines":{"total":13,"covered":13,"skipped":0,"pct":100},"functions":{"total":2,"covered":2,"skipped":0,"pct":100},"statements":{"total":13,"covered":13,"skipped":0,"pct":100},"branches":{"total":2,"covered":2,"skipped":0,"pct":100}}
,"/Users/valeriiabondarchuk/WorkProjects/matrix-3/src/components/ui/dialog.tsx": {"lines":{"total":48,"covered":48,"skipped":0,"pct":100},"functions":{"total":4,"covered":4,"skipped":0,"pct":100},"statements":{"total":48,"covered":48,"skipped":0,"pct":100},"branches":{"total":4,"covered":4,"skipped":0,"pct":100}}
,"/Users/valeriiabondarchuk/WorkProjects/matrix-3/src/components/ui/drawer.tsx": {"lines":{"total":27,"covered":0,"skipped":0,"pct":0},"functions":{"total":1,"covered":0,"skipped":0,"pct":0},"statements":{"total":27,"covered":0,"skipped":0,"pct":0},"branches":{"total":1,"covered":0,"skipped":0,"pct":0}}
,"/Users/valeriiabondarchuk/WorkProjects/matrix-3/src/components/ui/dropdown-menu.tsx": {"lines":{"total":77,"covered":60,"skipped":0,"pct":77.92},"functions":{"total":4,"covered":3,"skipped":0,"pct":75},"statements":{"total":77,"covered":60,"skipped":0,"pct":77.92},"branches":{"total":4,"covered":3,"skipped":0,"pct":75}}
,"/Users/valeriiabondarchuk/WorkProjects/matrix-3/src/components/ui/empty-state.tsx": {"lines":{"total":23,"covered":23,"skipped":0,"pct":100},"functions":{"total":1,"covered":1,"skipped":0,"pct":100},"statements":{"total":23,"covered":23,"skipped":0,"pct":100},"branches":{"total":3,"covered":3,"skipped":0,"pct":100}}
,"/Users/valeriiabondarchuk/WorkProjects/matrix-3/src/components/ui/error-state.tsx": {"lines":{"total":17,"covered":17,"skipped":0,"pct":100},"functions":{"total":1,"covered":1,"skipped":0,"pct":100},"statements":{"total":17,"covered":17,"skipped":0,"pct":100},"branches":{"total":3,"covered":3,"skipped":0,"pct":100}}
,"/Users/valeriiabondarchuk/WorkProjects/matrix-3/src/components/ui/file-upload.tsx": {"lines":{"total":45,"covered":0,"skipped":0,"pct":0},"functions":{"total":1,"covered":0,"skipped":0,"pct":0},"statements":{"total":45,"covered":0,"skipped":0,"pct":0},"branches":{"total":1,"covered":0,"skipped":0,"pct":0}}
,"/Users/valeriiabondarchuk/WorkProjects/matrix-3/src/components/ui/filter-bar.tsx": {"lines":{"total":16,"covered":0,"skipped":0,"pct":0},"functions":{"total":1,"covered":0,"skipped":0,"pct":0},"statements":{"total":16,"covered":0,"skipped":0,"pct":0},"branches":{"total":1,"covered":0,"skipped":0,"pct":0}}
,"/Users/valeriiabondarchuk/WorkProjects/matrix-3/src/components/ui/form.tsx": {"lines":{"total":45,"covered":45,"skipped":0,"pct":100},"functions":{"total":6,"covered":6,"skipped":0,"pct":100},"statements":{"total":45,"covered":45,"skipped":0,"pct":100},"branches":{"total":10,"covered":10,"skipped":0,"pct":100}}
,"/Users/valeriiabondarchuk/WorkProjects/matrix-3/src/components/ui/input.tsx": {"lines":{"total":13,"covered":13,"skipped":0,"pct":100},"functions":{"total":0,"covered":0,"skipped":0,"pct":100},"statements":{"total":13,"covered":13,"skipped":0,"pct":100},"branches":{"total":1,"covered":1,"skipped":0,"pct":100}}
,"/Users/valeriiabondarchuk/WorkProjects/matrix-3/src/components/ui/label.tsx": {"lines":{"total":14,"covered":14,"skipped":0,"pct":100},"functions":{"total":1,"covered":1,"skipped":0,"pct":100},"statements":{"total":14,"covered":14,"skipped":0,"pct":100},"branches":{"total":1,"covered":1,"skipped":0,"pct":100}}
,"/Users/valeriiabondarchuk/WorkProjects/matrix-3/src/components/ui/page-header.tsx": {"lines":{"total":19,"covered":0,"skipped":0,"pct":0},"functions":{"total":1,"covered":0,"skipped":0,"pct":0},"statements":{"total":19,"covered":0,"skipped":0,"pct":0},"branches":{"total":1,"covered":0,"skipped":0,"pct":0}}
,"/Users/valeriiabondarchuk/WorkProjects/matrix-3/src/components/ui/pagination.tsx": {"lines":{"total":31,"covered":31,"skipped":0,"pct":100},"functions":{"total":1,"covered":1,"skipped":0,"pct":100},"statements":{"total":31,"covered":31,"skipped":0,"pct":100},"branches":{"total":1,"covered":1,"skipped":0,"pct":100}}
,"/Users/valeriiabondarchuk/WorkProjects/matrix-3/src/components/ui/radio-group.tsx": {"lines":{"total":18,"covered":18,"skipped":0,"pct":100},"functions":{"total":1,"covered":1,"skipped":0,"pct":100},"statements":{"total":18,"covered":18,"skipped":0,"pct":100},"branches":{"total":1,"covered":1,"skipped":0,"pct":100}}
,"/Users/valeriiabondarchuk/WorkProjects/matrix-3/src/components/ui/search-input.tsx": {"lines":{"total":18,"covered":0,"skipped":0,"pct":0},"functions":{"total":1,"covered":0,"skipped":0,"pct":0},"statements":{"total":18,"covered":0,"skipped":0,"pct":0},"branches":{"total":1,"covered":0,"skipped":0,"pct":0}}
,"/Users/valeriiabondarchuk/WorkProjects/matrix-3/src/components/ui/select.tsx": {"lines":{"total":58,"covered":58,"skipped":0,"pct":100},"functions":{"total":3,"covered":3,"skipped":0,"pct":100},"statements":{"total":58,"covered":58,"skipped":0,"pct":100},"branches":{"total":3,"covered":3,"skipped":0,"pct":100}}
,"/Users/valeriiabondarchuk/WorkProjects/matrix-3/src/components/ui/sidebar.tsx": {"lines":{"total":75,"covered":75,"skipped":0,"pct":100},"functions":{"total":3,"covered":3,"skipped":0,"pct":100},"statements":{"total":75,"covered":75,"skipped":0,"pct":100},"branches":{"total":11,"covered":11,"skipped":0,"pct":100}}
,"/Users/valeriiabondarchuk/WorkProjects/matrix-3/src/components/ui/skeleton.tsx": {"lines":{"total":5,"covered":5,"skipped":0,"pct":100},"functions":{"total":1,"covered":1,"skipped":0,"pct":100},"statements":{"total":5,"covered":5,"skipped":0,"pct":100},"branches":{"total":1,"covered":1,"skipped":0,"pct":100}}
,"/Users/valeriiabondarchuk/WorkProjects/matrix-3/src/components/ui/spinner.tsx": {"lines":{"total":11,"covered":0,"skipped":0,"pct":0},"functions":{"total":1,"covered":0,"skipped":0,"pct":0},"statements":{"total":11,"covered":0,"skipped":0,"pct":0},"branches":{"total":1,"covered":0,"skipped":0,"pct":0}}
,"/Users/valeriiabondarchuk/WorkProjects/matrix-3/src/components/ui/stat-card.tsx": {"lines":{"total":39,"covered":0,"skipped":0,"pct":0},"functions":{"total":1,"covered":0,"skipped":0,"pct":0},"statements":{"total":39,"covered":0,"skipped":0,"pct":0},"branches":{"total":1,"covered":0,"skipped":0,"pct":0}}
,"/Users/valeriiabondarchuk/WorkProjects/matrix-3/src/components/ui/stepper.tsx": {"lines":{"total":31,"covered":0,"skipped":0,"pct":0},"functions":{"total":1,"covered":0,"skipped":0,"pct":0},"statements":{"total":31,"covered":0,"skipped":0,"pct":0},"branches":{"total":1,"covered":0,"skipped":0,"pct":0}}
,"/Users/valeriiabondarchuk/WorkProjects/matrix-3/src/components/ui/switch.tsx": {"lines":{"total":29,"covered":0,"skipped":0,"pct":0},"functions":{"total":1,"covered":0,"skipped":0,"pct":0},"statements":{"total":29,"covered":0,"skipped":0,"pct":0},"branches":{"total":1,"covered":0,"skipped":0,"pct":0}}
,"/Users/valeriiabondarchuk/WorkProjects/matrix-3/src/components/ui/table.tsx": {"lines":{"total":55,"covered":55,"skipped":0,"pct":100},"functions":{"total":6,"covered":6,"skipped":0,"pct":100},"statements":{"total":55,"covered":55,"skipped":0,"pct":100},"branches":{"total":6,"covered":6,"skipped":0,"pct":100}}
,"/Users/valeriiabondarchuk/WorkProjects/matrix-3/src/components/ui/tabs.tsx": {"lines":{"total":26,"covered":26,"skipped":0,"pct":100},"functions":{"total":2,"covered":2,"skipped":0,"pct":100},"statements":{"total":26,"covered":26,"skipped":0,"pct":100},"branches":{"total":2,"covered":2,"skipped":0,"pct":100}}
,"/Users/valeriiabondarchuk/WorkProjects/matrix-3/src/components/ui/textarea.tsx": {"lines":{"total":13,"covered":13,"skipped":0,"pct":100},"functions":{"total":0,"covered":0,"skipped":0,"pct":100},"statements":{"total":13,"covered":13,"skipped":0,"pct":100},"branches":{"total":1,"covered":1,"skipped":0,"pct":100}}
,"/Users/valeriiabondarchuk/WorkProjects/matrix-3/src/components/ui/toaster.tsx": {"lines":{"total":50,"covered":49,"skipped":0,"pct":98},"functions":{"total":1,"covered":1,"skipped":0,"pct":100},"statements":{"total":50,"covered":49,"skipped":0,"pct":98},"branches":{"total":8,"covered":6,"skipped":0,"pct":75}}
,"/Users/valeriiabondarchuk/WorkProjects/matrix-3/src/components/ui/tooltip.tsx": {"lines":{"total":24,"covered":0,"skipped":0,"pct":0},"functions":{"total":1,"covered":0,"skipped":0,"pct":0},"statements":{"total":24,"covered":0,"skipped":0,"pct":0},"branches":{"total":1,"covered":0,"skipped":0,"pct":0}}
,"/Users/valeriiabondarchuk/WorkProjects/matrix-3/src/constants/crm.ts": {"lines":{"total":167,"covered":0,"skipped":0,"pct":0},"functions":{"total":1,"covered":0,"skipped":0,"pct":0},"statements":{"total":167,"covered":0,"skipped":0,"pct":0},"branches":{"total":1,"covered":0,"skipped":0,"pct":0}}
,"/Users/valeriiabondarchuk/WorkProjects/matrix-3/src/constants/navigation.ts": {"lines":{"total":14,"covered":14,"skipped":0,"pct":100},"functions":{"total":0,"covered":0,"skipped":0,"pct":100},"statements":{"total":14,"covered":14,"skipped":0,"pct":100},"branches":{"total":0,"covered":0,"skipped":0,"pct":100}}
,"/Users/valeriiabondarchuk/WorkProjects/matrix-3/src/features/auth/components/login-form.tsx": {"lines":{"total":97,"covered":95,"skipped":0,"pct":97.93},"functions":{"total":5,"covered":3,"skipped":0,"pct":60},"statements":{"total":97,"covered":95,"skipped":0,"pct":97.93},"branches":{"total":9,"covered":6,"skipped":0,"pct":66.66}}
,"/Users/valeriiabondarchuk/WorkProjects/matrix-3/src/features/auth/hooks/use-login.ts": {"lines":{"total":25,"covered":25,"skipped":0,"pct":100},"functions":{"total":3,"covered":3,"skipped":0,"pct":100},"statements":{"total":25,"covered":25,"skipped":0,"pct":100},"branches":{"total":4,"covered":4,"skipped":0,"pct":100}}
,"/Users/valeriiabondarchuk/WorkProjects/matrix-3/src/features/auth/schemas/login-schema.ts": {"lines":{"total":6,"covered":6,"skipped":0,"pct":100},"functions":{"total":0,"covered":0,"skipped":0,"pct":100},"statements":{"total":6,"covered":6,"skipped":0,"pct":100},"branches":{"total":0,"covered":0,"skipped":0,"pct":100}}
,"/Users/valeriiabondarchuk/WorkProjects/matrix-3/src/features/customers/components/customer-form-dialog.tsx": {"lines":{"total":303,"covered":0,"skipped":0,"pct":0},"functions":{"total":1,"covered":0,"skipped":0,"pct":0},"statements":{"total":303,"covered":0,"skipped":0,"pct":0},"branches":{"total":1,"covered":0,"skipped":0,"pct":0}}
,"/Users/valeriiabondarchuk/WorkProjects/matrix-3/src/features/customers/components/customers-table.tsx": {"lines":{"total":127,"covered":119,"skipped":0,"pct":93.7},"functions":{"total":6,"covered":5,"skipped":0,"pct":83.33},"statements":{"total":127,"covered":119,"skipped":0,"pct":93.7},"branches":{"total":10,"covered":9,"skipped":0,"pct":90}}
,"/Users/valeriiabondarchuk/WorkProjects/matrix-3/src/features/customers/hooks/use-customers.ts": {"lines":{"total":73,"covered":0,"skipped":0,"pct":0},"functions":{"total":1,"covered":0,"skipped":0,"pct":0},"statements":{"total":73,"covered":0,"skipped":0,"pct":0},"branches":{"total":1,"covered":0,"skipped":0,"pct":0}}
,"/Users/valeriiabondarchuk/WorkProjects/matrix-3/src/features/customers/schemas/customer-schema.ts": {"lines":{"total":19,"covered":0,"skipped":0,"pct":0},"functions":{"total":1,"covered":0,"skipped":0,"pct":0},"statements":{"total":19,"covered":0,"skipped":0,"pct":0},"branches":{"total":1,"covered":0,"skipped":0,"pct":0}}
,"/Users/valeriiabondarchuk/WorkProjects/matrix-3/src/features/dashboard/components/revenue-chart.tsx": {"lines":{"total":50,"covered":0,"skipped":0,"pct":0},"functions":{"total":1,"covered":0,"skipped":0,"pct":0},"statements":{"total":50,"covered":0,"skipped":0,"pct":0},"branches":{"total":1,"covered":0,"skipped":0,"pct":0}}
,"/Users/valeriiabondarchuk/WorkProjects/matrix-3/src/features/dashboard/components/stat-card.tsx": {"lines":{"total":25,"covered":0,"skipped":0,"pct":0},"functions":{"total":1,"covered":0,"skipped":0,"pct":0},"statements":{"total":25,"covered":0,"skipped":0,"pct":0},"branches":{"total":1,"covered":0,"skipped":0,"pct":0}}
,"/Users/valeriiabondarchuk/WorkProjects/matrix-3/src/hooks/use-list-state.ts": {"lines":{"total":34,"covered":34,"skipped":0,"pct":100},"functions":{"total":4,"covered":4,"skipped":0,"pct":100},"statements":{"total":34,"covered":34,"skipped":0,"pct":100},"branches":{"total":5,"covered":5,"skipped":0,"pct":100}}
,"/Users/valeriiabondarchuk/WorkProjects/matrix-3/src/hooks/use-mobile.ts": {"lines":{"total":12,"covered":0,"skipped":0,"pct":0},"functions":{"total":1,"covered":0,"skipped":0,"pct":0},"statements":{"total":12,"covered":0,"skipped":0,"pct":0},"branches":{"total":1,"covered":0,"skipped":0,"pct":0}}
,"/Users/valeriiabondarchuk/WorkProjects/matrix-3/src/hooks/use-toast.ts": {"lines":{"total":15,"covered":13,"skipped":0,"pct":86.66},"functions":{"total":3,"covered":2,"skipped":0,"pct":66.66},"statements":{"total":15,"covered":13,"skipped":0,"pct":86.66},"branches":{"total":6,"covered":6,"skipped":0,"pct":100}}
,"/Users/valeriiabondarchuk/WorkProjects/matrix-3/src/layouts/app-layout.tsx": {"lines":{"total":73,"covered":0,"skipped":0,"pct":0},"functions":{"total":1,"covered":0,"skipped":0,"pct":0},"statements":{"total":73,"covered":0,"skipped":0,"pct":0},"branches":{"total":1,"covered":0,"skipped":0,"pct":0}}
,"/Users/valeriiabondarchuk/WorkProjects/matrix-3/src/layouts/auth-layout.tsx": {"lines":{"total":36,"covered":0,"skipped":0,"pct":0},"functions":{"total":1,"covered":0,"skipped":0,"pct":0},"statements":{"total":36,"covered":0,"skipped":0,"pct":0},"branches":{"total":1,"covered":0,"skipped":0,"pct":0}}
,"/Users/valeriiabondarchuk/WorkProjects/matrix-3/src/lib/utils.ts": {"lines":{"total":64,"covered":64,"skipped":0,"pct":100},"functions":{"total":6,"covered":6,"skipped":0,"pct":100},"statements":{"total":64,"covered":64,"skipped":0,"pct":100},"branches":{"total":24,"covered":24,"skipped":0,"pct":100}}
,"/Users/valeriiabondarchuk/WorkProjects/matrix-3/src/pages/audit-logs-page.tsx": {"lines":{"total":85,"covered":0,"skipped":0,"pct":0},"functions":{"total":1,"covered":0,"skipped":0,"pct":0},"statements":{"total":85,"covered":0,"skipped":0,"pct":0},"branches":{"total":1,"covered":0,"skipped":0,"pct":0}}
,"/Users/valeriiabondarchuk/WorkProjects/matrix-3/src/pages/calendar-page.tsx": {"lines":{"total":103,"covered":0,"skipped":0,"pct":0},"functions":{"total":1,"covered":0,"skipped":0,"pct":0},"statements":{"total":103,"covered":0,"skipped":0,"pct":0},"branches":{"total":1,"covered":0,"skipped":0,"pct":0}}
,"/Users/valeriiabondarchuk/WorkProjects/matrix-3/src/pages/customer-details-page.tsx": {"lines":{"total":168,"covered":0,"skipped":0,"pct":0},"functions":{"total":1,"covered":0,"skipped":0,"pct":0},"statements":{"total":168,"covered":0,"skipped":0,"pct":0},"branches":{"total":1,"covered":0,"skipped":0,"pct":0}}
,"/Users/valeriiabondarchuk/WorkProjects/matrix-3/src/pages/customers-page.tsx": {"lines":{"total":161,"covered":0,"skipped":0,"pct":0},"functions":{"total":1,"covered":0,"skipped":0,"pct":0},"statements":{"total":161,"covered":0,"skipped":0,"pct":0},"branches":{"total":1,"covered":0,"skipped":0,"pct":0}}
,"/Users/valeriiabondarchuk/WorkProjects/matrix-3/src/pages/dashboard-page.tsx": {"lines":{"total":179,"covered":0,"skipped":0,"pct":0},"functions":{"total":1,"covered":0,"skipped":0,"pct":0},"statements":{"total":179,"covered":0,"skipped":0,"pct":0},"branches":{"total":1,"covered":0,"skipped":0,"pct":0}}
,"/Users/valeriiabondarchuk/WorkProjects/matrix-3/src/pages/deal-details-page.tsx": {"lines":{"total":69,"covered":0,"skipped":0,"pct":0},"functions":{"total":1,"covered":0,"skipped":0,"pct":0},"statements":{"total":69,"covered":0,"skipped":0,"pct":0},"branches":{"total":1,"covered":0,"skipped":0,"pct":0}}
,"/Users/valeriiabondarchuk/WorkProjects/matrix-3/src/pages/deals-page.tsx": {"lines":{"total":175,"covered":0,"skipped":0,"pct":0},"functions":{"total":1,"covered":0,"skipped":0,"pct":0},"statements":{"total":175,"covered":0,"skipped":0,"pct":0},"branches":{"total":1,"covered":0,"skipped":0,"pct":0}}
,"/Users/valeriiabondarchuk/WorkProjects/matrix-3/src/pages/login-page.tsx": {"lines":{"total":4,"covered":0,"skipped":0,"pct":0},"functions":{"total":1,"covered":0,"skipped":0,"pct":0},"statements":{"total":4,"covered":0,"skipped":0,"pct":0},"branches":{"total":1,"covered":0,"skipped":0,"pct":0}}
,"/Users/valeriiabondarchuk/WorkProjects/matrix-3/src/pages/notifications-page.tsx": {"lines":{"total":112,"covered":0,"skipped":0,"pct":0},"functions":{"total":1,"covered":0,"skipped":0,"pct":0},"statements":{"total":112,"covered":0,"skipped":0,"pct":0},"branches":{"total":1,"covered":0,"skipped":0,"pct":0}}
,"/Users/valeriiabondarchuk/WorkProjects/matrix-3/src/pages/placeholder-page.tsx": {"lines":{"total":11,"covered":0,"skipped":0,"pct":0},"functions":{"total":1,"covered":0,"skipped":0,"pct":0},"statements":{"total":11,"covered":0,"skipped":0,"pct":0},"branches":{"total":1,"covered":0,"skipped":0,"pct":0}}
,"/Users/valeriiabondarchuk/WorkProjects/matrix-3/src/pages/profile-page.tsx": {"lines":{"total":98,"covered":0,"skipped":0,"pct":0},"functions":{"total":1,"covered":0,"skipped":0,"pct":0},"statements":{"total":98,"covered":0,"skipped":0,"pct":0},"branches":{"total":1,"covered":0,"skipped":0,"pct":0}}
,"/Users/valeriiabondarchuk/WorkProjects/matrix-3/src/pages/reports-page.tsx": {"lines":{"total":155,"covered":0,"skipped":0,"pct":0},"functions":{"total":1,"covered":0,"skipped":0,"pct":0},"statements":{"total":155,"covered":0,"skipped":0,"pct":0},"branches":{"total":1,"covered":0,"skipped":0,"pct":0}}
,"/Users/valeriiabondarchuk/WorkProjects/matrix-3/src/pages/router.tsx": {"lines":{"total":231,"covered":0,"skipped":0,"pct":0},"functions":{"total":1,"covered":0,"skipped":0,"pct":0},"statements":{"total":231,"covered":0,"skipped":0,"pct":0},"branches":{"total":1,"covered":0,"skipped":0,"pct":0}}
,"/Users/valeriiabondarchuk/WorkProjects/matrix-3/src/pages/settings-page.tsx": {"lines":{"total":130,"covered":0,"skipped":0,"pct":0},"functions":{"total":1,"covered":0,"skipped":0,"pct":0},"statements":{"total":130,"covered":0,"skipped":0,"pct":0},"branches":{"total":1,"covered":0,"skipped":0,"pct":0}}
,"/Users/valeriiabondarchuk/WorkProjects/matrix-3/src/pages/tasks-page.tsx": {"lines":{"total":199,"covered":0,"skipped":0,"pct":0},"functions":{"total":1,"covered":0,"skipped":0,"pct":0},"statements":{"total":199,"covered":0,"skipped":0,"pct":0},"branches":{"total":1,"covered":0,"skipped":0,"pct":0}}
,"/Users/valeriiabondarchuk/WorkProjects/matrix-3/src/pages/team-members-page.tsx": {"lines":{"total":142,"covered":0,"skipped":0,"pct":0},"functions":{"total":1,"covered":0,"skipped":0,"pct":0},"statements":{"total":142,"covered":0,"skipped":0,"pct":0},"branches":{"total":1,"covered":0,"skipped":0,"pct":0}}
,"/Users/valeriiabondarchuk/WorkProjects/matrix-3/src/services/api.ts": {"lines":{"total":38,"covered":0,"skipped":0,"pct":0},"functions":{"total":1,"covered":0,"skipped":0,"pct":0},"statements":{"total":38,"covered":0,"skipped":0,"pct":0},"branches":{"total":1,"covered":0,"skipped":0,"pct":0}}
,"/Users/valeriiabondarchuk/WorkProjects/matrix-3/src/services/auth-service.ts": {"lines":{"total":7,"covered":0,"skipped":0,"pct":0},"functions":{"total":1,"covered":0,"skipped":0,"pct":0},"statements":{"total":7,"covered":0,"skipped":0,"pct":0},"branches":{"total":1,"covered":0,"skipped":0,"pct":0}}
,"/Users/valeriiabondarchuk/WorkProjects/matrix-3/src/services/crm-service.ts": {"lines":{"total":70,"covered":0,"skipped":0,"pct":0},"functions":{"total":1,"covered":0,"skipped":0,"pct":0},"statements":{"total":70,"covered":0,"skipped":0,"pct":0},"branches":{"total":1,"covered":0,"skipped":0,"pct":0}}
,"/Users/valeriiabondarchuk/WorkProjects/matrix-3/src/services/customer-service.ts": {"lines":{"total":21,"covered":0,"skipped":0,"pct":0},"functions":{"total":1,"covered":0,"skipped":0,"pct":0},"statements":{"total":21,"covered":0,"skipped":0,"pct":0},"branches":{"total":1,"covered":0,"skipped":0,"pct":0}}
,"/Users/valeriiabondarchuk/WorkProjects/matrix-3/src/services/dashboard-service.ts": {"lines":{"total":11,"covered":0,"skipped":0,"pct":0},"functions":{"total":1,"covered":0,"skipped":0,"pct":0},"statements":{"total":11,"covered":0,"skipped":0,"pct":0},"branches":{"total":1,"covered":0,"skipped":0,"pct":0}}
,"/Users/valeriiabondarchuk/WorkProjects/matrix-3/src/services/mock-data.ts": {"lines":{"total":507,"covered":0,"skipped":0,"pct":0},"functions":{"total":1,"covered":1,"skipped":0,"pct":100},"statements":{"total":507,"covered":0,"skipped":0,"pct":0},"branches":{"total":1,"covered":1,"skipped":0,"pct":100}}
,"/Users/valeriiabondarchuk/WorkProjects/matrix-3/src/services/mockServer.ts": {"lines":{"total":105,"covered":0,"skipped":0,"pct":0},"functions":{"total":1,"covered":0,"skipped":0,"pct":0},"statements":{"total":105,"covered":0,"skipped":0,"pct":0},"branches":{"total":1,"covered":0,"skipped":0,"pct":0}}
,"/Users/valeriiabondarchuk/WorkProjects/matrix-3/src/store/auth-store.ts": {"lines":{"total":24,"covered":21,"skipped":0,"pct":87.5},"functions":{"total":3,"covered":3,"skipped":0,"pct":100},"statements":{"total":24,"covered":21,"skipped":0,"pct":87.5},"branches":{"total":5,"covered":4,"skipped":0,"pct":80}}
,"/Users/valeriiabondarchuk/WorkProjects/matrix-3/src/types/index.ts": {"lines":{"total":0,"covered":0,"skipped":0,"pct":100},"functions":{"total":1,"covered":1,"skipped":0,"pct":100},"statements":{"total":0,"covered":0,"skipped":0,"pct":100},"branches":{"total":1,"covered":1,"skipped":0,"pct":100}}
}
